Log file opened on Thu Feb 10 20:37:37 2022
Host: stxcompute003  pid: 19214  rank ID: 0  number of ranks:  1
                      :-) GROMACS - gmx mdrun, 2018.8 (-:

                            GROMACS is written by:
     Emile Apol      Rossen Apostolov      Paul Bauer     Herman J.C. Berendsen
    Par Bjelkmar    Aldert van Buuren   Rudi van Drunen     Anton Feenstra  
  Gerrit Groenhof    Aleksei Iupinov   Christoph Junghans   Anca Hamuraru   
 Vincent Hindriksen Dimitrios Karkoulis    Peter Kasson        Jiri Kraus    
  Carsten Kutzner      Per Larsson      Justin A. Lemkul    Viveca Lindahl  
  Magnus Lundborg   Pieter Meulenhoff    Erik Marklund      Teemu Murtola   
    Szilard Pall       Sander Pronk      Roland Schulz     Alexey Shvetsov  
   Michael Shirts     Alfons Sijbers     Peter Tieleman    Teemu Virolainen 
 Christian Wennberg    Maarten Wolf   
                           and the project leaders:
        Mark Abraham, Berk Hess, Erik Lindahl, and David van der Spoel

Copyright (c) 1991-2000, University of Groningen, The Netherlands.
Copyright (c) 2001-2017, The GROMACS development team at
Uppsala University, Stockholm University and
the Royal Institute of Technology, Sweden.
check out http://www.gromacs.org for more information.

GROMACS is free software; you can redistribute it and/or modify it
under the terms of the GNU Lesser General Public License
as published by the Free Software Foundation; either version 2.1
of the License, or (at your option) any later version.

GROMACS:      gmx mdrun, version 2018.8
Executable:   /bgfs01/insite/utsab.shrestha/programs/gmx_plumed4/gromacs-2018.8/install_dir/bin/gmx_mpi
Data prefix:  /bgfs01/insite/utsab.shrestha/programs/gmx_plumed4/gromacs-2018.8/install_dir
Working dir:  /bgfs01/insite02/utsab.shrestha/shared/ms_degrader-ternary-complex-prediction/degrader-ternary-complex-prediction/hremd/example
Command line:
  gmx_mpi mdrun -s npt.tpr -deffnm npt -cpi -cpt 5 -maxh 6

GROMACS version:    2018.8
Precision:          single
Memory model:       64 bit
MPI library:        MPI
OpenMP support:     enabled (GMX_OPENMP_MAX_THREADS = 64)
GPU support:        CUDA
SIMD instructions:  NONE
FFT library:        fftw-3.3.8
RDTSCP usage:       enabled
TNG support:        enabled
Hwloc support:      disabled
Tracing support:    disabled
Built on:           2021-05-20 16:28:38
Built by:           utsab.shrestha@stxfrontend001 [CMAKE]
Build OS/arch:      Linux 4.15.0-128-generic x86_64
Build CPU vendor:   Unknown
Build CPU brand:    Unknown
Build CPU family:   0   Model: 0   Stepping: 0
Build CPU features: Unknown
C compiler:         /usr/bin/cc GNU 7.5.0
C compiler flags:    -pthread    -O3 -DNDEBUG -funroll-all-loops -fexcess-precision=fast  
C++ compiler:       /usr/bin/c++ GNU 7.5.0
C++ compiler flags:  -pthread   -std=c++11   -O3 -DNDEBUG -funroll-all-loops -fexcess-precision=fast  
CUDA compiler:      /usr/local/cuda/bin/nvcc nvcc: NVIDIA (R) Cuda compiler driver;Copyright (c) 2005-2019 NVIDIA Corporation;Built on Wed_Oct_23_19:24:38_PDT_2019;Cuda compilation tools, release 10.2, V10.2.89
CUDA compiler flags:-gencode;arch=compute_30,code=sm_30;-gencode;arch=compute_35,code=sm_35;-gencode;arch=compute_37,code=sm_37;-gencode;arch=compute_50,code=sm_50;-gencode;arch=compute_52,code=sm_52;-gencode;arch=compute_60,code=sm_60;-gencode;arch=compute_61,code=sm_61;-gencode;arch=compute_70,code=sm_70;-gencode;arch=compute_75,code=compute_75;-use_fast_math;-D_FORCE_INLINES;; ;-pthread;-std=c++11;-O3;-DNDEBUG;-funroll-all-loops;-fexcess-precision=fast;
CUDA driver:        11.20
CUDA runtime:       10.20


Running on 1 node with total 16 cores, 32 logical cores, 4 compatible GPUs
Hardware detected on host stxcompute003 (the node of MPI rank 0):
  CPU info:
    Vendor: Intel
    Brand:  Intel(R) Xeon(R) CPU E5-2620 v4 @ 2.10GHz
    Family: 6   Model: 79   Stepping: 1
    Features: aes apic avx avx2 clfsh cmov cx8 cx16 f16c fma hle htt intel lahf mmx msr nonstop_tsc pcid pclmuldq pdcm pdpe1gb popcnt pse rdrnd rdtscp rtm sse2 sse3 sse4.1 sse4.2 ssse3 tdt x2apic
  Hardware topology: Basic
    Sockets, cores, and logical processors:
      Socket  0: [   0  16] [   1  17] [   2  18] [   3  19] [   4  20] [   5  21] [   6  22] [   7  23]
      Socket  1: [   8  24] [   9  25] [  10  26] [  11  27] [  12  28] [  13  29] [  14  30] [  15  31]
  GPU info:
    Number of GPUs detected: 4
    #0: NVIDIA GeForce GTX 1080 Ti, compute cap.: 6.1, ECC:  no, stat: compatible
    #1: NVIDIA GeForce GTX 1080 Ti, compute cap.: 6.1, ECC:  no, stat: compatible
    #2: NVIDIA GeForce GTX 1080 Ti, compute cap.: 6.1, ECC:  no, stat: compatible
    #3: NVIDIA GeForce GTX 1080 Ti, compute cap.: 6.1, ECC:  no, stat: compatible

Highest SIMD level requested by all nodes in run: AVX2_256
SIMD instructions selected at compile time:       None
This program was compiled for different hardware than you are running on,
which could influence performance.

++++ PLEASE READ AND CITE THE FOLLOWING REFERENCE ++++
M. J. Abraham, T. Murtola, R. Schulz, S. Páll, J. C. Smith, B. Hess, E.
Lindahl
GROMACS: High performance molecular simulations through multi-level
parallelism from laptops to supercomputers
SoftwareX 1 (2015) pp. 19-25
-------- -------- --- Thank You --- -------- --------


++++ PLEASE READ AND CITE THE FOLLOWING REFERENCE ++++
S. Páll, M. J. Abraham, C. Kutzner, B. Hess, E. Lindahl
Tackling Exascale Software Challenges in Molecular Dynamics Simulations with
GROMACS
In S. Markidis & E. Laure (Eds.), Solving Software Challenges for Exascale 8759 (2015) pp. 3-27
-------- -------- --- Thank You --- -------- --------


++++ PLEASE READ AND CITE THE FOLLOWING REFERENCE ++++
S. Pronk, S. Páll, R. Schulz, P. Larsson, P. Bjelkmar, R. Apostolov, M. R.
Shirts, J. C. Smith, P. M. Kasson, D. van der Spoel, B. Hess, and E. Lindahl
GROMACS 4.5: a high-throughput and highly parallel open source molecular
simulation toolkit
Bioinformatics 29 (2013) pp. 845-54
-------- -------- --- Thank You --- -------- --------


++++ PLEASE READ AND CITE THE FOLLOWING REFERENCE ++++
B. Hess and C. Kutzner and D. van der Spoel and E. Lindahl
GROMACS 4: Algorithms for highly efficient, load-balanced, and scalable
molecular simulation
J. Chem. Theory Comput. 4 (2008) pp. 435-447
-------- -------- --- Thank You --- -------- --------


++++ PLEASE READ AND CITE THE FOLLOWING REFERENCE ++++
D. van der Spoel, E. Lindahl, B. Hess, G. Groenhof, A. E. Mark and H. J. C.
Berendsen
GROMACS: Fast, Flexible and Free
J. Comp. Chem. 26 (2005) pp. 1701-1719
-------- -------- --- Thank You --- -------- --------


++++ PLEASE READ AND CITE THE FOLLOWING REFERENCE ++++
E. Lindahl and B. Hess and D. van der Spoel
GROMACS 3.0: A package for molecular simulation and trajectory analysis
J. Mol. Mod. 7 (2001) pp. 306-317
-------- -------- --- Thank You --- -------- --------


++++ PLEASE READ AND CITE THE FOLLOWING REFERENCE ++++
H. J. C. Berendsen, D. van der Spoel and R. van Drunen
GROMACS: A message-passing parallel molecular dynamics implementation
Comp. Phys. Comm. 91 (1995) pp. 43-56
-------- -------- --- Thank You --- -------- --------

Input Parameters:
   integrator                     = md
   tinit                          = 0
   dt                             = 0.002
   nsteps                         = 500000
   init-step                      = 0
   simulation-part                = 1
   comm-mode                      = Linear
   nstcomm                        = 100
   bd-fric                        = 0
   ld-seed                        = -1046526613
   emtol                          = 10
   emstep                         = 0.01
   niter                          = 20
   fcstep                         = 0
   nstcgsteep                     = 1000
   nbfgscorr                      = 10
   rtpi                           = 0.05
   nstxout                        = 50000
   nstvout                        = 50000
   nstfout                        = 0
   nstlog                         = 50000
   nstcalcenergy                  = 100
   nstenergy                      = 50000
   nstxout-compressed             = 0
   compressed-x-precision         = 1000
   cutoff-scheme                  = Verlet
   nstlist                        = 10
   ns-type                        = Grid
   pbc                            = xyz
   periodic-molecules             = false
   verlet-buffer-tolerance        = 0.005
   rlist                          = 1.2
   coulombtype                    = PME
   coulomb-modifier               = Potential-shift
   rcoulomb-switch                = 0
   rcoulomb                       = 1.2
   epsilon-r                      = 1
   epsilon-rf                     = inf
   vdw-type                       = Cut-off
   vdw-modifier                   = Potential-shift
   rvdw-switch                    = 0
   rvdw                           = 1.2
   DispCorr                       = EnerPres
   table-extension                = 1
   fourierspacing                 = 0.16
   fourier-nx                     = 72
   fourier-ny                     = 56
   fourier-nz                     = 56
   pme-order                      = 4
   ewald-rtol                     = 1e-05
   ewald-rtol-lj                  = 0.001
   lj-pme-comb-rule               = Geometric
   ewald-geometry                 = 0
   epsilon-surface                = 0
   implicit-solvent               = No
   gb-algorithm                   = Still
   nstgbradii                     = 1
   rgbradii                       = 1
   gb-epsilon-solvent             = 80
   gb-saltconc                    = 0
   gb-obc-alpha                   = 1
   gb-obc-beta                    = 0.8
   gb-obc-gamma                   = 4.85
   gb-dielectric-offset           = 0.009
   sa-algorithm                   = Ace-approximation
   sa-surface-tension             = 2.05016
   tcoupl                         = V-rescale
   nsttcouple                     = 10
   nh-chain-length                = 0
   print-nose-hoover-chain-variables = false
   pcoupl                         = Parrinello-Rahman
   pcoupltype                     = Isotropic
   nstpcouple                     = 10
   tau-p                          = 2
   compressibility (3x3):
      compressibility[    0]={ 4.50000e-05,  0.00000e+00,  0.00000e+00}
      compressibility[    1]={ 0.00000e+00,  4.50000e-05,  0.00000e+00}
      compressibility[    2]={ 0.00000e+00,  0.00000e+00,  4.50000e-05}
   ref-p (3x3):
      ref-p[    0]={ 1.00000e+00,  0.00000e+00,  0.00000e+00}
      ref-p[    1]={ 0.00000e+00,  1.00000e+00,  0.00000e+00}
      ref-p[    2]={ 0.00000e+00,  0.00000e+00,  1.00000e+00}
   refcoord-scaling               = COM
   posres-com (3):
      posres-com[0]= 0.00000e+00
      posres-com[1]= 0.00000e+00
      posres-com[2]= 0.00000e+00
   posres-comB (3):
      posres-comB[0]= 0.00000e+00
      posres-comB[1]= 0.00000e+00
      posres-comB[2]= 0.00000e+00
   QMMM                           = false
   QMconstraints                  = 0
   QMMMscheme                     = 0
   MMChargeScaleFactor            = 1
qm-opts:
   ngQM                           = 0
   constraint-algorithm           = Lincs
   continuation                   = true
   Shake-SOR                      = false
   shake-tol                      = 0.0001
   lincs-order                    = 4
   lincs-iter                     = 1
   lincs-warnangle                = 30
   nwall                          = 0
   wall-type                      = 9-3
   wall-r-linpot                  = -1
   wall-atomtype[0]               = -1
   wall-atomtype[1]               = -1
   wall-density[0]                = 0
   wall-density[1]                = 0
   wall-ewald-zfac                = 3
   pull                           = false
   awh                            = false
   rotation                       = false
   interactiveMD                  = false
   disre                          = No
   disre-weighting                = Conservative
   disre-mixed                    = false
   dr-fc                          = 1000
   dr-tau                         = 0
   nstdisreout                    = 100
   orire-fc                       = 0
   orire-tau                      = 0
   nstorireout                    = 100
   free-energy                    = no
   cos-acceleration               = 0
   deform (3x3):
      deform[    0]={ 0.00000e+00,  0.00000e+00,  0.00000e+00}
      deform[    1]={ 0.00000e+00,  0.00000e+00,  0.00000e+00}
      deform[    2]={ 0.00000e+00,  0.00000e+00,  0.00000e+00}
   simulated-tempering            = false
   swapcoords                     = no
   userint1                       = 0
   userint2                       = 0
   userint3                       = 0
   userint4                       = 0
   userreal1                      = 0
   userreal2                      = 0
   userreal3                      = 0
   userreal4                      = 0
   applied-forces:
     electric-field:
       x:
         E0                       = 0
         omega                    = 0
         t0                       = 0
         sigma                    = 0
       y:
         E0                       = 0
         omega                    = 0
         t0                       = 0
         sigma                    = 0
       z:
         E0                       = 0
         omega                    = 0
         t0                       = 0
         sigma                    = 0
grpopts:
   nrdf:      8977.8      128613
   ref-t:         300         300
   tau-t:         0.1         0.1
annealing:          No          No
annealing-npoints:           0           0
   acc:	           0           0           0
   nfreeze:           N           N           N
   energygrp-flags[  0]: 0

Changing nstlist from 10 to 100, rlist from 1.2 to 1.331

Using 1 MPI process
Using 16 OpenMP threads 

1 GPU auto-selected for this run.
Mapping of GPU IDs to the 2 GPU tasks in the 1 rank on this node:
  PP:0,PME:0

Non-default thread affinity set probably by the OpenMP library,
disabling internal thread affinity
System total charge: 0.000
Will do PME sum in reciprocal space for electrostatic interactions.

++++ PLEASE READ AND CITE THE FOLLOWING REFERENCE ++++
U. Essmann, L. Perera, M. L. Berkowitz, T. Darden, H. Lee and L. G. Pedersen 
A smooth particle mesh Ewald method
J. Chem. Phys. 103 (1995) pp. 8577-8592
-------- -------- --- Thank You --- -------- --------

Using a Gaussian width (1/beta) of 0.384195 nm for Ewald
Potential shift: LJ r^-12: -1.122e-01 r^-6: -3.349e-01, Ewald -8.333e-06
Initialized non-bonded Ewald correction tables, spacing: 1.02e-03 size: 1176

Long Range LJ corr.: <C6> 3.0568e-04
Generated table with 1165 data points for Ewald.
Tabscale = 500 points/nm
Generated table with 1165 data points for LJ6.
Tabscale = 500 points/nm
Generated table with 1165 data points for LJ12.
Tabscale = 500 points/nm
Generated table with 1165 data points for 1-4 COUL.
Tabscale = 500 points/nm
Generated table with 1165 data points for 1-4 LJ6.
Tabscale = 500 points/nm
Generated table with 1165 data points for 1-4 LJ12.
Tabscale = 500 points/nm

Using GPU 8x8 nonbonded short-range kernels

Using a dual 8x4 pair-list setup updated with dynamic, rolling pruning:
  outer list: updated every 100 steps, buffer 0.131 nm, rlist 1.331 nm
  inner list: updated every  14 steps, buffer 0.005 nm, rlist 1.205 nm
At tolerance 0.005 kJ/mol/ps per atom, equivalent classical 1x1 list would be:
  outer list: updated every 100 steps, buffer 0.284 nm, rlist 1.484 nm
  inner list: updated every  14 steps, buffer 0.062 nm, rlist 1.262 nm

Using Lorentz-Berthelot Lennard-Jones combination rule


Initializing LINear Constraint Solver

++++ PLEASE READ AND CITE THE FOLLOWING REFERENCE ++++
B. Hess
P-LINCS: A Parallel Linear Constraint Solver for molecular simulation
J. Chem. Theory Comput. 4 (2008) pp. 116-122
-------- -------- --- Thank You --- -------- --------

The number of constraints is 4558
3 constraints are involved in constraint triangles,
will apply an additional matrix expansion of order 4 for couplings
between constraints inside triangles

++++ PLEASE READ AND CITE THE FOLLOWING REFERENCE ++++
S. Miyamoto and P. A. Kollman
SETTLE: An Analytical Version of the SHAKE and RATTLE Algorithms for Rigid
Water Models
J. Comp. Chem. 13 (1992) pp. 952-962
-------- -------- --- Thank You --- -------- --------


Intra-simulation communication will occur every 10 steps.
Center of mass motion removal mode is Linear
We have the following groups for center of mass motion removal:
  0:  rest

++++ PLEASE READ AND CITE THE FOLLOWING REFERENCE ++++
G. Bussi, D. Donadio and M. Parrinello
Canonical sampling through velocity rescaling
J. Chem. Phys. 126 (2007) pp. 014101
-------- -------- --- Thank You --- -------- --------

There are: 68820 Atoms

Started mdrun on rank 0 Thu Feb 10 20:37:43 2022
           Step           Time
              0        0.00000

   Energies (kJ/mol)
          Angle    Proper Dih.  Improper Dih.          LJ-14     Coulomb-14
    9.58313e+03    1.41523e+04    5.49592e+02    4.82609e+03    3.26106e+04
        LJ (SR)  Disper. corr.   Coulomb (SR)   Coul. recip.      Potential
    1.20244e+05   -4.29658e+03   -1.07617e+06    3.61180e+03   -8.94886e+05
    Kinetic En.   Total Energy  Conserved En.    Temperature Pres. DC (bar)
    1.71685e+05   -7.23200e+05   -7.23151e+05    3.00151e+02   -8.74903e+01
 Pressure (bar)   Constr. rmsd
   -3.24816e+02    2.64871e-05

step  200: timed with pme grid 72 56 56, coulomb cutoff 1.200: 442.3 M-cycles
step  400: timed with pme grid 72 48 48, coulomb cutoff 1.325: 444.1 M-cycles
step  600: timed with pme grid 60 44 44, coulomb cutoff 1.446: 488.8 M-cycles
step  800: timed with pme grid 56 40 40, coulomb cutoff 1.590: 544.4 M-cycles
step 1000: timed with pme grid 56 42 40, coulomb cutoff 1.583: 540.9 M-cycles
step 1200: timed with pme grid 56 42 42, coulomb cutoff 1.526: 519.6 M-cycles
step 1400: timed with pme grid 60 42 42, coulomb cutoff 1.515: 515.0 M-cycles
step 1600: timed with pme grid 60 44 44, coulomb cutoff 1.446: 490.8 M-cycles
step 1800: timed with pme grid 60 48 48, coulomb cutoff 1.424: 488.2 M-cycles
step 2000: timed with pme grid 64 48 48, coulomb cutoff 1.335: 484.3 M-cycles
step 2200: timed with pme grid 72 48 48, coulomb cutoff 1.325: 446.5 M-cycles
step 2400: timed with pme grid 72 52 48, coulomb cutoff 1.319: 454.7 M-cycles
step 2600: timed with pme grid 72 52 52, coulomb cutoff 1.223: 428.1 M-cycles
step 2800: timed with pme grid 72 56 52, coulomb cutoff 1.218: 422.0 M-cycles
step 3000: timed with pme grid 72 56 56, coulomb cutoff 1.200: 404.1 M-cycles
step 3200: timed with pme grid 72 48 48, coulomb cutoff 1.325: 446.4 M-cycles
step 3400: timed with pme grid 72 52 52, coulomb cutoff 1.223: 424.5 M-cycles
step 3600: timed with pme grid 72 56 52, coulomb cutoff 1.218: 419.4 M-cycles
step 3800: timed with pme grid 72 56 56, coulomb cutoff 1.200: 403.5 M-cycles
              optimal pme grid 72 56 56, coulomb cutoff 1.200
           Step           Time
          50000      100.00000

   Energies (kJ/mol)
          Angle    Proper Dih.  Improper Dih.          LJ-14     Coulomb-14
    9.79857e+03    1.42857e+04    5.60021e+02    4.92395e+03    3.27815e+04
        LJ (SR)  Disper. corr.   Coulomb (SR)   Coul. recip.      Potential
    1.20816e+05   -5.07423e+03   -1.08362e+06    3.40023e+03   -9.02126e+05
    Kinetic En.   Total Energy  Conserved En.    Temperature Pres. DC (bar)
    1.71613e+05   -7.30513e+05   -7.27357e+05    3.00025e+02   -1.21996e+02
 Pressure (bar)   Constr. rmsd
   -3.21420e+01    2.68711e-05

           Step           Time
         100000      200.00000

   Energies (kJ/mol)
          Angle    Proper Dih.  Improper Dih.          LJ-14     Coulomb-14
    9.56606e+03    1.42262e+04    5.34625e+02    4.87127e+03    3.28705e+04
        LJ (SR)  Disper. corr.   Coulomb (SR)   Coul. recip.      Potential
    1.23073e+05   -5.08427e+03   -1.08892e+06    3.26079e+03   -9.05606e+05
    Kinetic En.   Total Energy  Conserved En.    Temperature Pres. DC (bar)
    1.71204e+05   -7.34402e+05   -7.31692e+05    2.99309e+02   -1.22479e+02
 Pressure (bar)   Constr. rmsd
    7.57328e+01    2.69357e-05

           Step           Time
         150000      300.00000

   Energies (kJ/mol)
          Angle    Proper Dih.  Improper Dih.          LJ-14     Coulomb-14
    9.72955e+03    1.41600e+04    5.72164e+02    4.85339e+03    3.28914e+04
        LJ (SR)  Disper. corr.   Coulomb (SR)   Coul. recip.      Potential
    1.24791e+05   -5.07516e+03   -1.09034e+06    3.34834e+03   -9.05066e+05
    Kinetic En.   Total Energy  Conserved En.    Temperature Pres. DC (bar)
    1.71845e+05   -7.33221e+05   -7.36171e+05    3.00429e+02   -1.22040e+02
 Pressure (bar)   Constr. rmsd
    1.15882e+02    2.89417e-05

Writing checkpoint, step 151300 at Thu Feb 10 20:42:43 2022


           Step           Time
         200000      400.00000

   Energies (kJ/mol)
          Angle    Proper Dih.  Improper Dih.          LJ-14     Coulomb-14
    9.48243e+03    1.42665e+04    6.01338e+02    4.77566e+03    3.29048e+04
        LJ (SR)  Disper. corr.   Coulomb (SR)   Coul. recip.      Potential
    1.23637e+05   -5.08168e+03   -1.08976e+06    3.34618e+03   -9.05825e+05
    Kinetic En.   Total Energy  Conserved En.    Temperature Pres. DC (bar)
    1.71087e+05   -7.34738e+05   -7.40592e+05    2.99105e+02   -1.22354e+02
 Pressure (bar)   Constr. rmsd
    5.96582e+01    2.71302e-05

           Step           Time
         250000      500.00000

   Energies (kJ/mol)
          Angle    Proper Dih.  Improper Dih.          LJ-14     Coulomb-14
    9.55633e+03    1.42343e+04    5.66361e+02    4.93066e+03    3.29209e+04
        LJ (SR)  Disper. corr.   Coulomb (SR)   Coul. recip.      Potential
    1.22304e+05   -5.10758e+03   -1.08856e+06    3.41050e+03   -9.05747e+05
    Kinetic En.   Total Energy  Conserved En.    Temperature Pres. DC (bar)
    1.72388e+05   -7.33359e+05   -7.45007e+05    3.01380e+02   -1.23604e+02
 Pressure (bar)   Constr. rmsd
    6.14918e+01    2.76512e-05

           Step           Time
         300000      600.00000

   Energies (kJ/mol)
          Angle    Proper Dih.  Improper Dih.          LJ-14     Coulomb-14
    9.50986e+03    1.42126e+04    5.81892e+02    4.84729e+03    3.28677e+04
        LJ (SR)  Disper. corr.   Coulomb (SR)   Coul. recip.      Potential
    1.23523e+05   -5.08018e+03   -1.08844e+06    3.44890e+03   -9.04525e+05
    Kinetic En.   Total Energy  Conserved En.    Temperature Pres. DC (bar)
    1.71287e+05   -7.33239e+05   -7.49421e+05    2.99453e+02   -1.22282e+02
 Pressure (bar)   Constr. rmsd
    3.40381e+00    2.76609e-05

Writing checkpoint, step 304000 at Thu Feb 10 20:47:43 2022


           Step           Time
         350000      700.00000

   Energies (kJ/mol)
          Angle    Proper Dih.  Improper Dih.          LJ-14     Coulomb-14
    9.48496e+03    1.41290e+04    5.33330e+02    4.88369e+03    3.29630e+04
        LJ (SR)  Disper. corr.   Coulomb (SR)   Coul. recip.      Potential
    1.22478e+05   -5.08196e+03   -1.08766e+06    3.37967e+03   -9.04887e+05
    Kinetic En.   Total Energy  Conserved En.    Temperature Pres. DC (bar)
    1.71067e+05   -7.33820e+05   -7.53833e+05    2.99070e+02   -1.22368e+02
 Pressure (bar)   Constr. rmsd
    1.28498e+01    2.63057e-05

           Step           Time
         400000      800.00000

   Energies (kJ/mol)
          Angle    Proper Dih.  Improper Dih.          LJ-14     Coulomb-14
    9.53816e+03    1.42158e+04    6.00245e+02    4.80565e+03    3.29235e+04
        LJ (SR)  Disper. corr.   Coulomb (SR)   Coul. recip.      Potential
    1.22229e+05   -5.09263e+03   -1.08630e+06    3.32250e+03   -9.03759e+05
    Kinetic En.   Total Energy  Conserved En.    Temperature Pres. DC (bar)
    1.72032e+05   -7.31727e+05   -7.58237e+05    3.00757e+02   -1.22882e+02
 Pressure (bar)   Constr. rmsd
    6.20896e+00    2.71027e-05

           Step           Time
         450000      900.00000

   Energies (kJ/mol)
          Angle    Proper Dih.  Improper Dih.          LJ-14     Coulomb-14
    9.37125e+03    1.41213e+04    5.73395e+02    4.93573e+03    3.26932e+04
        LJ (SR)  Disper. corr.   Coulomb (SR)   Coul. recip.      Potential
    1.21554e+05   -5.08736e+03   -1.08542e+06    3.35609e+03   -9.03906e+05
    Kinetic En.   Total Energy  Conserved En.    Temperature Pres. DC (bar)
    1.71496e+05   -7.32410e+05   -7.62668e+05    2.99820e+02   -1.22627e+02
 Pressure (bar)   Constr. rmsd
   -4.20865e+00    2.69007e-05

Writing checkpoint, step 456700 at Thu Feb 10 20:52:43 2022


           Step           Time
         500000     1000.00000

Writing checkpoint, step 500000 at Thu Feb 10 20:54:08 2022




-----------------------------------------------------------
Restarting from checkpoint, appending to previous log file.

Log file opened on Thu Feb 10 21:54:07 2022
Host: stxcompute021  pid: 1485  rank ID: 0  number of ranks:  1
                      :-) GROMACS - gmx mdrun, 2018.8 (-:

Executable:   /bgfs01/insite/utsab.shrestha/programs/gmx_plumed4/gromacs-2018.8/install_dir/bin/gmx_mpi
Data prefix:  /bgfs01/insite/utsab.shrestha/programs/gmx_plumed4/gromacs-2018.8/install_dir
Working dir:  /bgfs01/insite02/utsab.shrestha/shared/ms_degrader-ternary-complex-prediction/degrader-ternary-complex-prediction/hremd/example
Command line:
  gmx_mpi mdrun -s npt.tpr -deffnm npt -cpi -cpt 5 -maxh 6

GROMACS version:    2018.8
Precision:          single
Memory model:       64 bit
MPI library:        MPI
OpenMP support:     enabled (GMX_OPENMP_MAX_THREADS = 64)
GPU support:        CUDA
SIMD instructions:  NONE
FFT library:        fftw-3.3.8
RDTSCP usage:       enabled
TNG support:        enabled
Hwloc support:      disabled
Tracing support:    disabled
Built on:           2021-05-20 16:28:38
Built by:           utsab.shrestha@stxfrontend001 [CMAKE]
Build OS/arch:      Linux 4.15.0-128-generic x86_64
Build CPU vendor:   Unknown
Build CPU brand:    Unknown
Build CPU family:   0   Model: 0   Stepping: 0
Build CPU features: Unknown
C compiler:         /usr/bin/cc GNU 7.5.0
C compiler flags:    -pthread    -O3 -DNDEBUG -funroll-all-loops -fexcess-precision=fast  
C++ compiler:       /usr/bin/c++ GNU 7.5.0
C++ compiler flags:  -pthread   -std=c++11   -O3 -DNDEBUG -funroll-all-loops -fexcess-precision=fast  
CUDA compiler:      /usr/local/cuda/bin/nvcc nvcc: NVIDIA (R) Cuda compiler driver;Copyright (c) 2005-2019 NVIDIA Corporation;Built on Wed_Oct_23_19:24:38_PDT_2019;Cuda compilation tools, release 10.2, V10.2.89
CUDA compiler flags:-gencode;arch=compute_30,code=sm_30;-gencode;arch=compute_35,code=sm_35;-gencode;arch=compute_37,code=sm_37;-gencode;arch=compute_50,code=sm_50;-gencode;arch=compute_52,code=sm_52;-gencode;arch=compute_60,code=sm_60;-gencode;arch=compute_61,code=sm_61;-gencode;arch=compute_70,code=sm_70;-gencode;arch=compute_75,code=compute_75;-use_fast_math;-D_FORCE_INLINES;; ;-pthread;-std=c++11;-O3;-DNDEBUG;-funroll-all-loops;-fexcess-precision=fast;
CUDA driver:        11.20
CUDA runtime:       10.20

Changing nstlist from 10 to 100, rlist from 1.2 to 1.341

Using 1 MPI process
Using 16 OpenMP threads 

1 GPU auto-selected for this run.
Mapping of GPU IDs to the 2 GPU tasks in the 1 rank on this node:
  PP:0,PME:0

Non-default thread affinity set probably by the OpenMP library,
disabling internal thread affinity
System total charge: 0.000
Will do PME sum in reciprocal space for electrostatic interactions.

++++ PLEASE READ AND CITE THE FOLLOWING REFERENCE ++++
U. Essmann, L. Perera, M. L. Berkowitz, T. Darden, H. Lee and L. G. Pedersen 
A smooth particle mesh Ewald method
J. Chem. Phys. 103 (1995) pp. 8577-8592
-------- -------- --- Thank You --- -------- --------

Using a Gaussian width (1/beta) of 0.384195 nm for Ewald
Potential shift: LJ r^-12: -1.122e-01 r^-6: -3.349e-01, Ewald -8.333e-06
Initialized non-bonded Ewald correction tables, spacing: 1.02e-03 size: 1176

Long Range LJ corr.: <C6> 3.0568e-04
Generated table with 1170 data points for Ewald.
Tabscale = 500 points/nm
Generated table with 1170 data points for LJ6.
Tabscale = 500 points/nm
Generated table with 1170 data points for LJ12.
Tabscale = 500 points/nm
Generated table with 1170 data points for 1-4 COUL.
Tabscale = 500 points/nm
Generated table with 1170 data points for 1-4 LJ6.
Tabscale = 500 points/nm
Generated table with 1170 data points for 1-4 LJ12.
Tabscale = 500 points/nm

Using GPU 8x8 nonbonded short-range kernels

Using a dual 8x4 pair-list setup updated with dynamic, rolling pruning:
  outer list: updated every 100 steps, buffer 0.141 nm, rlist 1.341 nm
  inner list: updated every  12 steps, buffer 0.004 nm, rlist 1.204 nm
At tolerance 0.005 kJ/mol/ps per atom, equivalent classical 1x1 list would be:
  outer list: updated every 100 steps, buffer 0.294 nm, rlist 1.494 nm
  inner list: updated every  12 steps, buffer 0.053 nm, rlist 1.253 nm

Using Lorentz-Berthelot Lennard-Jones combination rule


Initializing LINear Constraint Solver

++++ PLEASE READ AND CITE THE FOLLOWING REFERENCE ++++
B. Hess
P-LINCS: A Parallel Linear Constraint Solver for molecular simulation
J. Chem. Theory Comput. 4 (2008) pp. 116-122
-------- -------- --- Thank You --- -------- --------

The number of constraints is 4558
3 constraints are involved in constraint triangles,
will apply an additional matrix expansion of order 4 for couplings
between constraints inside triangles

++++ PLEASE READ AND CITE THE FOLLOWING REFERENCE ++++
S. Miyamoto and P. A. Kollman
SETTLE: An Analytical Version of the SHAKE and RATTLE Algorithms for Rigid
Water Models
J. Comp. Chem. 13 (1992) pp. 952-962
-------- -------- --- Thank You --- -------- --------


Intra-simulation communication will occur every 10 steps.
Center of mass motion removal mode is Linear
We have the following groups for center of mass motion removal:
  0:  rest
There are: 68820 Atoms

Started mdrun on rank 0 Thu Feb 10 21:54:11 2022
           Step           Time
         500000     1000.00000

   Energies (kJ/mol)
          Angle    Proper Dih.  Improper Dih.          LJ-14     Coulomb-14
    9.65352e+03    1.42250e+04    5.54128e+02    4.93382e+03    3.29900e+04
        LJ (SR)  Disper. corr.   Coulomb (SR)   Coul. recip.      Potential
    1.21233e+05   -5.07238e+03   -1.08596e+06    3.38711e+03   -9.04058e+05
    Kinetic En.   Total Energy  Conserved En.    Temperature Pres. DC (bar)
    1.71282e+05   -7.32776e+05   -7.67025e+05    2.99445e+02   -1.21907e+02
 Pressure (bar)   Constr. rmsd
   -1.18055e+02    2.75133e-05

	<======  ###############  ==>
	<====  A V E R A G E S  ====>
	<==  ###############  ======>

	Statistics over 500001 steps using 5001 frames

   Energies (kJ/mol)
          Angle    Proper Dih.  Improper Dih.          LJ-14     Coulomb-14
    9.58889e+03    1.42168e+04    5.60841e+02    4.85683e+03    3.28591e+04
        LJ (SR)  Disper. corr.   Coulomb (SR)   Coul. recip.      Potential
    1.22297e+05   -5.08041e+03   -1.08664e+06    3.33926e+03   -9.04005e+05
    Kinetic En.   Total Energy  Conserved En.    Temperature Pres. DC (bar)
    1.71613e+05   -7.32392e+05   -7.45001e+05    3.00024e+02   -1.22307e+02
 Pressure (bar)   Constr. rmsd
    1.20613e+00    0.00000e+00

          Box-X          Box-Y          Box-Z
    1.07774e+01    8.02214e+00    7.98503e+00

   Total Virial (kJ/mol)
    5.70608e+04    5.81601e+01   -2.48021e+01
    5.77381e+01    5.72663e+04   -8.75558e+00
   -2.52112e+01   -8.96602e+00    5.72160e+04

   Pressure (bar)
    1.81036e+00   -1.38855e+00   -4.00733e-01
   -1.36852e+00    1.56154e+00   -9.73671e-01
   -3.81863e-01   -9.63779e-01    2.46483e-01

       T-!Water        T-Water
    3.00036e+02    3.00023e+02


	M E G A - F L O P S   A C C O U N T I N G

 NB=Group-cutoff nonbonded kernels    NxN=N-by-N cluster Verlet kernels
 RF=Reaction-Field  VdW=Van der Waals  QSTab=quadratic-spline table
 W3=SPC/TIP3p  W4=TIP4p (single or pairs)
 V&F=Potential and force  V=Potential only  F=Force only

 Computing:                               M-Number         M-Flops  % Flops
-----------------------------------------------------------------------------
 Pair Search distance check               7.911436          71.203     0.8
 NxN Ewald Elec. + LJ [V&F]              87.684864        9382.280    99.0
 1,4 nonbonded interactions               0.011946           1.075     0.0
 Shift-X                                  0.068820           0.413     0.0
 Angles                                   0.008271           1.390     0.0
 Propers                                  0.014484           3.317     0.0
 Impropers                                0.000894           0.186     0.0
 Virial                                   0.068865           1.240     0.0
 Stop-CM                                  0.068820           0.688     0.0
 Calc-Ekin                                0.137640           3.716     0.0
 Lincs                                    0.004558           0.273     0.0
 Lincs-Mat                                0.099276           0.397     0.0
 Constraint-V                             0.073424           0.587     0.0
 Constraint-Vir                           0.068866           1.653     0.0
 Settle                                   0.021436           6.924     0.1
-----------------------------------------------------------------------------
 Total                                                    9475.342   100.0
-----------------------------------------------------------------------------


     R E A L   C Y C L E   A N D   T I M E   A C C O U N T I N G

On 1 MPI rank, each using 16 OpenMP threads

 Computing:          Num   Num      Call    Wall time         Giga-Cycles
                     Ranks Threads  Count      (s)         total sum    %
-----------------------------------------------------------------------------
 Neighbor search        1   16          1       0.021          0.696   6.2
 Launch GPU ops.        1   16          2       0.002          0.052   0.5
 Force                  1   16          1       0.004          0.125   1.1
 Wait PME GPU gather    1   16          1       0.000          0.009   0.1
 Reduce GPU PME F       1   16          1       0.000          0.001   0.0
 Wait GPU NB local      1   16          1       0.000          0.009   0.1
 NB X/F buffer ops.     1   16          1       0.000          0.007   0.1
 Write traj.            1   16          1       0.290          9.799  87.2
 Update                 1   16          1       0.002          0.082   0.7
 Constraints            1   16          1       0.003          0.103   0.9
 Rest                                           0.010          0.349   3.1
-----------------------------------------------------------------------------
 Total                                          0.332         11.232 100.0
-----------------------------------------------------------------------------

               Core t (s)   Wall t (s)        (%)
       Time:        5.315        0.332     1600.0
                 (ns/day)    (hour/ns)
Performance:        0.520       46.137
Finished mdrun on rank 0 Thu Feb 10 21:54:11 2022
